<?xml version="1.0" encoding="UTF-8"?>
<!-- Generated by org.testng.reporters.JUnitReportReporter -->
<testsuite hostname="Akshay" failures="0" tests="1" name="CrudOperationWithBDD.GetAllProjects" time="1.053" errors="0" timestamp="2022-04-21T12:27:07 IST" skipped="0">
  <testcase classname="CrudOperationWithBDD.GetAllProjects" name="getallprojects" time="1.053"/>
  <system-out/>
</testsuite> <!-- CrudOperationWithBDD.GetAllProjects -->
