<?xml version="1.0" encoding="UTF-8"?>
<!-- Generated by org.testng.reporters.JUnitReportReporter -->
<testsuite hostname="Akshay" failures="0" tests="1" name="CrudOperationWithOutBDD.GetAllTheProjectsTest" time="1.907" errors="0" timestamp="2022-04-20T12:52:32 IST" skipped="0">
  <testcase classname="CrudOperationWithOutBDD.GetAllTheProjectsTest" name="getalltheprojects" time="1.907"/>
  <system-out/>
</testsuite> <!-- CrudOperationWithOutBDD.GetAllTheProjectsTest -->
