<?xml version="1.0" encoding="UTF-8"?>
<!-- Generated by org.testng.reporters.JUnitReportReporter -->
<testsuite hostname="Akshay" failures="0" tests="1" name="CrudOperationWithBDD.GetSingleProjectTest" time="1.766" errors="0" timestamp="2022-04-20T16:23:58 IST" skipped="0">
  <testcase classname="CrudOperationWithBDD.GetSingleProjectTest" name="getsingleproject" time="1.766"/>
  <system-out/>
</testsuite> <!-- CrudOperationWithBDD.GetSingleProjectTest -->
