<?xml version="1.0" encoding="UTF-8"?>
<!-- Generated by org.testng.reporters.JUnitReportReporter -->
<testsuite hostname="Akshay" failures="0" tests="1" name="DiffrentWaysToPost.CreateAProjectUsingHashMap" time="2.151" errors="0" timestamp="2022-04-20T17:08:19 IST" skipped="0">
  <testcase classname="DiffrentWaysToPost.CreateAProjectUsingHashMap" name="createproject" time="2.151"/>
  <system-out/>
</testsuite> <!-- DiffrentWaysToPost.CreateAProjectUsingHashMap -->
