<?xml version="1.0" encoding="UTF-8"?>
<!-- Generated by org.testng.reporters.JUnitReportReporter -->
<testsuite hostname="Akshay" failures="0" tests="1" name="Parameters.ParameterTestForGit" time="1.926" errors="0" timestamp="2022-04-21T17:02:10 IST" skipped="0">
  <testcase classname="Parameters.ParameterTestForGit" name="parametersTest" time="1.926"/>
  <system-out/>
</testsuite> <!-- Parameters.ParameterTestForGit -->
