<?xml version="1.0" encoding="UTF-8"?>
<!-- Generated by org.testng.reporters.JUnitReportReporter -->
<testsuite hostname="Akshay" failures="0" tests="1" name="DiffrentWaysToPost.CreateProjectUsingJSONFile" time="1.847" errors="0" timestamp="2022-04-20T17:19:45 IST" skipped="0">
  <testcase classname="DiffrentWaysToPost.CreateProjectUsingJSONFile" name="createproject" time="1.847"/>
  <system-out/>
</testsuite> <!-- DiffrentWaysToPost.CreateProjectUsingJSONFile -->
