<?xml version="1.0" encoding="UTF-8"?>
<!-- Generated by org.testng.reporters.JUnitReportReporter -->
<testsuite hostname="Akshay" failures="0" tests="1" name="DiffrentWaysToPost.CreateProjectUsingJSONObject" time="2.287" errors="0" timestamp="2022-04-20T17:26:24 IST" skipped="0">
  <testcase classname="DiffrentWaysToPost.CreateProjectUsingJSONObject" name="createproject" time="2.287"/>
  <system-out/>
</testsuite> <!-- DiffrentWaysToPost.CreateProjectUsingJSONObject -->
