<?xml version="1.0" encoding="UTF-8"?>
<!-- Generated by org.testng.reporters.JUnitReportReporter -->
<testsuite hostname="Akshay" failures="0" tests="1" name="Parameters.QueryParameterTest" time="3.648" errors="0" timestamp="2022-04-21T15:01:15 IST" skipped="0">
  <testcase classname="Parameters.QueryParameterTest" name="QueryParameter" time="3.648"/>
  <system-out/>
</testsuite> <!-- Parameters.QueryParameterTest -->
