<?xml version="1.0" encoding="UTF-8"?>
<!-- Generated by org.testng.reporters.JUnitReportReporter -->
<testsuite hostname="Akshay" failures="0" tests="1" name="CrudOperationWithOutBDD.DeleteProjectTest" time="1.121" errors="0" timestamp="2022-04-20T14:45:09 IST" skipped="0">
  <testcase classname="CrudOperationWithOutBDD.DeleteProjectTest" name="deleteproject" time="1.121"/>
  <system-out/>
</testsuite> <!-- CrudOperationWithOutBDD.DeleteProjectTest -->
