<?xml version="1.0" encoding="UTF-8"?>
<!-- Generated by org.testng.reporters.JUnitReportReporter -->
<testsuite hostname="Akshay" failures="0" tests="1" name="CrudOperationWithOutBDD.GetProjects" time="1.602" errors="0" timestamp="2022-04-19T17:53:54 IST" skipped="0">
  <testcase classname="CrudOperationWithOutBDD.GetProjects" name="getprojects" time="1.602"/>
  <system-out/>
</testsuite> <!-- CrudOperationWithOutBDD.GetProjects -->
