<?xml version="1.0" encoding="UTF-8"?>
<!-- Generated by org.testng.reporters.JUnitReportReporter -->
<testsuite hostname="Akshay" failures="0" tests="1" name="DiffrentWaysToPost.CreateProjectUsingPojo" time="1.276" errors="0" timestamp="2022-04-20T18:03:18 IST" skipped="0">
  <testcase classname="DiffrentWaysToPost.CreateProjectUsingPojo" name="createproject" time="1.276"/>
  <system-out/>
</testsuite> <!-- DiffrentWaysToPost.CreateProjectUsingPojo -->
