<?xml version="1.0" encoding="UTF-8"?>
<!-- Generated by org.testng.reporters.JUnitReportReporter -->
<testsuite hostname="Akshay" failures="0" tests="1" name="Parameters.PathParameterTest" time="1.593" errors="0" timestamp="2022-04-21T14:54:03 IST" skipped="0">
  <testcase classname="Parameters.PathParameterTest" name="cresteProjectUsingPathParameter" time="1.593"/>
  <system-out/>
</testsuite> <!-- Parameters.PathParameterTest -->
