<?xml version="1.0" encoding="UTF-8"?>
<!-- Generated by org.testng.reporters.JUnitReportReporter -->
<testsuite hostname="Akshay" failures="0" tests="1" name="CrudOperationWithOutBDD.UpDateProjectTest" time="1.472" errors="0" timestamp="2022-04-20T14:34:36 IST" skipped="0">
  <testcase classname="CrudOperationWithOutBDD.UpDateProjectTest" name="updateproject" time="1.472"/>
  <system-out/>
</testsuite> <!-- CrudOperationWithOutBDD.UpDateProjectTest -->
