<?xml version="1.0" encoding="UTF-8"?>
<!-- Generated by org.testng.reporters.JUnitReportReporter -->
<testsuite hostname="Akshay" failures="0" tests="1" name="CrudOperationWithBDD.DeleteProjectTest" time="1.817" errors="0" timestamp="2022-04-20T16:32:42 IST" skipped="0">
  <testcase classname="CrudOperationWithBDD.DeleteProjectTest" name="deleteproject" time="1.817"/>
  <system-out/>
</testsuite> <!-- CrudOperationWithBDD.DeleteProjectTest -->
