<?xml version="1.0" encoding="UTF-8"?>
<!-- Generated by org.testng.reporters.JUnitReportReporter -->
<testsuite hostname="Akshay" failures="0" tests="1" name="StaticAndDynamicResponseValidation.DynamicResponseValidationForGet" time="2.064" errors="0" timestamp="2022-04-21T13:25:48 IST" skipped="0">
  <testcase classname="StaticAndDynamicResponseValidation.DynamicResponseValidationForGet" name="dynamicvalidationforget" time="2.064"/>
  <system-out/>
</testsuite> <!-- StaticAndDynamicResponseValidation.DynamicResponseValidationForGet -->
