<?xml version="1.0" encoding="UTF-8"?>
<!-- Generated by org.testng.reporters.JUnitReportReporter -->
<testsuite hostname="Akshay" failures="0" tests="1" name="Authentication.Oauth2_0" time="3.810" errors="0" timestamp="2022-04-21T18:10:25 IST" skipped="0">
  <testcase classname="Authentication.Oauth2_0" name="oauthAuthentication" time="3.810"/>
  <system-out/>
</testsuite> <!-- Authentication.Oauth2_0 -->
