<?xml version="1.0" encoding="UTF-8"?>
<!-- Generated by org.testng.reporters.JUnitReportReporter -->
<testsuite hostname="Akshay" failures="0" tests="1" name="Parameters.FormParameterTest" time="1.824" errors="0" timestamp="2022-04-21T15:09:56 IST" skipped="0">
  <testcase classname="Parameters.FormParameterTest" name="createprojectusingformparameter" time="1.824"/>
  <system-out/>
</testsuite> <!-- Parameters.FormParameterTest -->
