<?xml version="1.0" encoding="UTF-8"?>
<!-- Generated by org.testng.reporters.JUnitReportReporter -->
<testsuite hostname="Akshay" failures="0" tests="3" name="DataProviderTesting.CreateMultipleProjectWithDiffDataTest" time="1.364" errors="0" timestamp="2022-04-21T13:19:10 IST" skipped="0">
  <testcase classname="DataProviderTesting.CreateMultipleProjectWithDiffDataTest" name="createprojectwithdiffdata" time="0.022"/>
  <system-out/>
  <testcase classname="DataProviderTesting.CreateMultipleProjectWithDiffDataTest" name="createprojectwithdiffdata" time="1.285"/>
  <system-out/>
  <testcase classname="DataProviderTesting.CreateMultipleProjectWithDiffDataTest" name="createprojectwithdiffdata" time="0.057"/>
  <system-out/>
</testsuite> <!-- DataProviderTesting.CreateMultipleProjectWithDiffDataTest -->
