<?xml version="1.0" encoding="UTF-8"?>
<!-- Generated by org.testng.reporters.JUnitReportReporter -->
<testsuite hostname="Akshay" failures="0" tests="1" name="CrudOperationWithOutBDD.GetSingleProjectTest" time="1.107" errors="0" timestamp="2022-04-20T14:18:22 IST" skipped="0">
  <testcase classname="CrudOperationWithOutBDD.GetSingleProjectTest" name="getsingleproject" time="1.107"/>
  <system-out/>
</testsuite> <!-- CrudOperationWithOutBDD.GetSingleProjectTest -->
