<?xml version="1.0" encoding="UTF-8"?>
<!-- Generated by org.testng.reporters.JUnitReportReporter -->
<testsuite hostname="Akshay" failures="0" tests="3" name="Authentication.BasicAuthTest" time="1.320" errors="0" timestamp="2022-04-21T16:52:43 IST" skipped="0">
  <testcase classname="Authentication.BasicAuthTest" name="basicPreEmtiveAuth" time="0.081"/>
  <system-out/>
  <testcase classname="Authentication.BasicAuthTest" name="basicDigestiveAuth" time="0.093"/>
  <system-out/>
  <testcase classname="Authentication.BasicAuthTest" name="basicAuth" time="1.146"/>
  <system-out/>
</testsuite> <!-- Authentication.BasicAuthTest -->
