<?xml version="1.0" encoding="UTF-8"?>
<!-- Generated by org.testng.reporters.JUnitReportReporter -->
<testsuite hostname="Akshay" failures="0" tests="1" name="StaticAndDynamicResponseValidation.StaticResponsevalidation" time="1.505" errors="0" timestamp="2022-04-21T12:15:56 IST" skipped="0">
  <testcase classname="StaticAndDynamicResponseValidation.StaticResponsevalidation" name="staticresponsevalidation" time="1.505"/>
  <system-out/>
</testsuite> <!-- StaticAndDynamicResponseValidation.StaticResponsevalidation -->
