<?xml version="1.0" encoding="UTF-8"?>
<!-- Generated by org.testng.reporters.JUnitReportReporter -->
<testsuite hostname="Akshay" failures="0" tests="1" name="RequestChaining.CreateProjectAndGetProjectTest" time="2.882" errors="0" timestamp="2022-04-21T15:50:13 IST" skipped="0">
  <testcase classname="RequestChaining.CreateProjectAndGetProjectTest" name="requestChaining1" time="2.882"/>
  <system-out/>
</testsuite> <!-- RequestChaining.CreateProjectAndGetProjectTest -->
