<?xml version="1.0" encoding="UTF-8"?>
<!-- Generated by org.testng.reporters.JUnitReportReporter -->
<testsuite hostname="Akshay" failures="0" tests="1" name="StaticAndDynamicResponseValidation.ResponseTimeValidationTest" time="1.902" errors="0" timestamp="2022-04-21T14:43:28 IST" skipped="0">
  <testcase classname="StaticAndDynamicResponseValidation.ResponseTimeValidationTest" name="responsetimevalidation" time="1.902"/>
  <system-out/>
</testsuite> <!-- StaticAndDynamicResponseValidation.ResponseTimeValidationTest -->
