<?xml version="1.0" encoding="UTF-8"?>
<!-- Generated by org.testng.reporters.JUnitReportReporter -->
<testsuite hostname="Akshay" failures="0" tests="1" name="CrudOperationWithBDD.CreateProjectTest" time="2.283" errors="0" timestamp="2022-04-20T16:25:29 IST" skipped="0">
  <testcase classname="CrudOperationWithBDD.CreateProjectTest" name="createproject" time="2.283"/>
  <system-out/>
</testsuite> <!-- CrudOperationWithBDD.CreateProjectTest -->
