<?xml version="1.0" encoding="UTF-8"?>
<!-- Generated by org.testng.reporters.JUnitReportReporter -->
<testsuite hostname="Akshay" failures="0" tests="1" name="CrudOperationWithOutBDD.CreateProjectTest" time="1.338" errors="0" timestamp="2022-04-20T14:50:07 IST" skipped="0">
  <testcase classname="CrudOperationWithOutBDD.CreateProjectTest" name="CreateProjectTest" time="1.338"/>
  <system-out/>
</testsuite> <!-- CrudOperationWithOutBDD.CreateProjectTest -->
