<?xml version="1.0" encoding="UTF-8"?>
<!-- Generated by org.testng.reporters.JUnitReportReporter -->
<testsuite hostname="Akshay" failures="0" tests="1" name="StaticAndDynamicResponseValidation.StaticResponseValidationForGet" time="1.482" errors="0" timestamp="2022-04-21T12:28:37 IST" skipped="0">
  <testcase classname="StaticAndDynamicResponseValidation.StaticResponseValidationForGet" name="staticresponsevalidationget" time="1.482"/>
  <system-out/>
</testsuite> <!-- StaticAndDynamicResponseValidation.StaticResponseValidationForGet -->
