<?xml version="1.0" encoding="UTF-8"?>
<!-- Generated by org.testng.reporters.JUnitReportReporter -->
<testsuite hostname="Akshay" failures="0" tests="1" name="CrudOperationWithBDD.UpDateTheProjectTest" time="2.281" errors="0" timestamp="2022-04-20T16:28:09 IST" skipped="0">
  <testcase classname="CrudOperationWithBDD.UpDateTheProjectTest" name="updatetheproject" time="2.281"/>
  <system-out/>
</testsuite> <!-- CrudOperationWithBDD.UpDateTheProjectTest -->
