<?xml version="1.0" encoding="UTF-8"?>
<!-- Generated by org.testng.reporters.JUnitReportReporter -->
<testsuite hostname="Akshay" failures="0" tests="1" name="Authentication.BearerTokenTest" time="4.865" errors="0" timestamp="2022-04-21T16:41:00 IST" skipped="0">
  <testcase classname="Authentication.BearerTokenTest" name="bearerToken" time="4.865"/>
  <system-out/>
</testsuite> <!-- Authentication.BearerTokenTest -->
